<?xml version="1.0" encoding="UTF-8"?>
<coverage generated="1518115796003" clover="3.2.0">
  <project timestamp="1518115796003" name="All files">
    <metrics statements="168" coveredstatements="98" conditionals="36" coveredconditionals="24" methods="58" coveredmethods="25" elements="262" coveredelements="147" complexity="0" loc="168" ncloc="168" packages="3" files="8" classes="8">
      <package name="src">
        <metrics statements="57" coveredstatements="39" conditionals="17" coveredconditionals="11" methods="21" coveredmethods="11"/>
        <file name="App.ts" path="/Users/bkostrowiecki/pivotal-auto-deliver/src/App.ts">
          <metrics statements="36" coveredstatements="19" conditionals="9" coveredconditionals="3" methods="12" coveredmethods="3"/>
          <line num="2" count="1" type="cond" truecount="3" falsecount="0"/>
          <line num="3" count="0" type="cond" truecount="0" falsecount="2"/>
          <line num="4" count="0" type="stmt"/>
          <line num="5" count="0" type="stmt"/>
          <line num="6" count="0" type="cond" truecount="0" falsecount="2"/>
          <line num="7" count="0" type="cond" truecount="0" falsecount="2"/>
          <line num="10" count="1" type="stmt"/>
          <line num="11" count="1" type="stmt"/>
          <line num="12" count="1" type="stmt"/>
          <line num="13" count="1" type="stmt"/>
          <line num="14" count="1" type="stmt"/>
          <line num="15" count="1" type="stmt"/>
          <line num="20" count="1" type="stmt"/>
          <line num="21" count="1" type="stmt"/>
          <line num="22" count="1" type="stmt"/>
          <line num="23" count="1" type="stmt"/>
          <line num="27" count="1" type="stmt"/>
          <line num="28" count="1" type="stmt"/>
          <line num="29" count="1" type="stmt"/>
          <line num="36" count="1" type="stmt"/>
          <line num="38" count="1" type="stmt"/>
          <line num="39" count="0" type="stmt"/>
          <line num="43" count="1" type="stmt"/>
          <line num="44" count="0" type="stmt"/>
          <line num="45" count="0" type="stmt"/>
          <line num="46" count="0" type="stmt"/>
          <line num="47" count="0" type="stmt"/>
          <line num="48" count="0" type="stmt"/>
          <line num="49" count="0" type="stmt"/>
          <line num="50" count="0" type="stmt"/>
          <line num="51" count="0" type="stmt"/>
          <line num="52" count="0" type="stmt"/>
          <line num="59" count="0" type="stmt"/>
          <line num="62" count="0" type="stmt"/>
          <line num="69" count="1" type="stmt"/>
          <line num="72" count="1" type="stmt"/>
        </file>
        <file name="Build.ts" path="/Users/bkostrowiecki/pivotal-auto-deliver/src/Build.ts">
          <metrics statements="21" coveredstatements="20" conditionals="8" coveredconditionals="8" methods="9" coveredmethods="8"/>
          <line num="2" count="3" type="stmt"/>
          <line num="3" count="3" type="stmt"/>
          <line num="6" count="13" type="stmt"/>
          <line num="7" count="13" type="stmt"/>
          <line num="8" count="13" type="stmt"/>
          <line num="9" count="13" type="stmt"/>
          <line num="12" count="0" type="stmt"/>
          <line num="15" count="5" type="stmt"/>
          <line num="17" count="6" type="stmt"/>
          <line num="20" count="6" type="stmt"/>
          <line num="21" count="6" type="stmt"/>
          <line num="23" count="5" type="stmt"/>
          <line num="26" count="7" type="cond" truecount="5" falsecount="0"/>
          <line num="27" count="4" type="stmt"/>
          <line num="29" count="3" type="stmt"/>
          <line num="32" count="2" type="cond" truecount="2" falsecount="0"/>
          <line num="33" count="1" type="stmt"/>
          <line num="35" count="1" type="stmt"/>
          <line num="38" count="3" type="stmt"/>
          <line num="41" count="5" type="stmt"/>
          <line num="44" count="3" type="stmt"/>
        </file>
      </package>
      <package name="src.nevercode">
        <metrics statements="21" coveredstatements="21" conditionals="4" coveredconditionals="4" methods="5" coveredmethods="5"/>
        <file name="Commit.ts" path="/Users/bkostrowiecki/pivotal-auto-deliver/src/nevercode/Commit.ts">
          <metrics statements="12" coveredstatements="12" conditionals="4" coveredconditionals="4" methods="3" coveredmethods="3"/>
          <line num="2" count="4" type="stmt"/>
          <line num="5" count="15" type="stmt"/>
          <line num="6" count="15" type="stmt"/>
          <line num="9" count="25" type="stmt"/>
          <line num="10" count="25" type="cond" truecount="2" falsecount="0"/>
          <line num="11" count="2" type="stmt"/>
          <line num="13" count="23" type="stmt"/>
          <line num="14" count="23" type="cond" truecount="2" falsecount="0"/>
          <line num="15" count="1" type="stmt"/>
          <line num="17" count="22" type="stmt"/>
          <line num="18" count="31" type="stmt"/>
          <line num="22" count="4" type="stmt"/>
        </file>
        <file name="NevercodeChange.ts" path="/Users/bkostrowiecki/pivotal-auto-deliver/src/nevercode/NevercodeChange.ts">
          <metrics statements="6" coveredstatements="6" conditionals="0" coveredconditionals="0" methods="1" coveredmethods="1"/>
          <line num="2" count="3" type="stmt"/>
          <line num="5" count="9" type="stmt"/>
          <line num="6" count="9" type="stmt"/>
          <line num="7" count="9" type="stmt"/>
          <line num="8" count="9" type="stmt"/>
          <line num="11" count="3" type="stmt"/>
        </file>
        <file name="NevercodeMock.ts" path="/Users/bkostrowiecki/pivotal-auto-deliver/src/nevercode/NevercodeMock.ts">
          <metrics statements="3" coveredstatements="3" conditionals="0" coveredconditionals="0" methods="1" coveredmethods="1"/>
          <line num="2" count="3" type="stmt"/>
          <line num="5" count="8" type="stmt"/>
          <line num="14" count="3" type="stmt"/>
        </file>
      </package>
      <package name="src.pivotalTracker">
        <metrics statements="90" coveredstatements="38" conditionals="15" coveredconditionals="9" methods="32" coveredmethods="9"/>
        <file name="PivotalTrackerMock.ts" path="/Users/bkostrowiecki/pivotal-auto-deliver/src/pivotalTracker/PivotalTrackerMock.ts">
          <metrics statements="10" coveredstatements="10" conditionals="0" coveredconditionals="0" methods="3" coveredmethods="3"/>
          <line num="2" count="2" type="stmt"/>
          <line num="3" count="2" type="stmt"/>
          <line num="4" count="2" type="stmt"/>
          <line num="5" count="2" type="stmt"/>
          <line num="8" count="3" type="stmt"/>
          <line num="9" count="3" type="stmt"/>
          <line num="10" count="6" type="stmt"/>
          <line num="21" count="6" type="stmt"/>
          <line num="22" count="6" type="stmt"/>
          <line num="25" count="2" type="stmt"/>
        </file>
        <file name="PivotalTrackerService.ts" path="/Users/bkostrowiecki/pivotal-auto-deliver/src/pivotalTracker/PivotalTrackerService.ts">
          <metrics statements="70" coveredstatements="18" conditionals="13" coveredconditionals="7" methods="28" coveredmethods="5"/>
          <line num="2" count="2" type="cond" truecount="3" falsecount="0"/>
          <line num="3" count="2" type="cond" truecount="2" falsecount="0"/>
          <line num="4" count="0" type="stmt"/>
          <line num="5" count="0" type="stmt"/>
          <line num="6" count="0" type="cond" truecount="0" falsecount="2"/>
          <line num="7" count="2" type="cond" truecount="2" falsecount="0"/>
          <line num="10" count="2" type="stmt"/>
          <line num="11" count="2" type="stmt"/>
          <line num="12" count="2" type="stmt"/>
          <line num="13" count="2" type="stmt"/>
          <line num="16" count="3" type="stmt"/>
          <line num="17" count="3" type="stmt"/>
          <line num="18" count="3" type="stmt"/>
          <line num="19" count="3" type="stmt"/>
          <line num="23" count="3" type="stmt"/>
          <line num="24" count="3" type="stmt"/>
          <line num="27" count="2" type="stmt"/>
          <line num="28" count="2" type="stmt"/>
          <line num="29" count="2" type="stmt"/>
          <line num="30" count="2" type="stmt"/>
          <line num="31" count="0" type="stmt"/>
          <line num="32" count="0" type="stmt"/>
          <line num="33" count="0" type="stmt"/>
          <line num="34" count="0" type="stmt"/>
          <line num="35" count="0" type="stmt"/>
          <line num="36" count="0" type="stmt"/>
          <line num="37" count="0" type="stmt"/>
          <line num="38" count="0" type="stmt"/>
          <line num="40" count="0" type="stmt"/>
          <line num="41" count="0" type="stmt"/>
          <line num="42" count="0" type="stmt"/>
          <line num="43" count="0" type="stmt"/>
          <line num="44" count="0" type="stmt"/>
          <line num="45" count="0" type="stmt"/>
          <line num="46" count="0" type="stmt"/>
          <line num="47" count="0" type="stmt"/>
          <line num="48" count="0" type="cond" truecount="0" falsecount="4"/>
          <line num="49" count="0" type="stmt"/>
          <line num="50" count="0" type="stmt"/>
          <line num="52" count="0" type="stmt"/>
          <line num="53" count="0" type="stmt"/>
          <line num="54" count="0" type="stmt"/>
          <line num="57" count="0" type="stmt"/>
          <line num="60" count="0" type="stmt"/>
          <line num="63" count="0" type="stmt"/>
          <line num="69" count="0" type="stmt"/>
          <line num="70" count="0" type="stmt"/>
          <line num="71" count="0" type="stmt"/>
          <line num="72" count="0" type="stmt"/>
          <line num="73" count="0" type="stmt"/>
          <line num="74" count="0" type="stmt"/>
          <line num="75" count="0" type="stmt"/>
          <line num="78" count="0" type="stmt"/>
          <line num="83" count="0" type="stmt"/>
          <line num="86" count="0" type="stmt"/>
          <line num="91" count="0" type="stmt"/>
          <line num="92" count="0" type="stmt"/>
          <line num="93" count="0" type="stmt"/>
          <line num="94" count="0" type="stmt"/>
          <line num="95" count="0" type="stmt"/>
          <line num="96" count="0" type="stmt"/>
          <line num="99" count="0" type="stmt"/>
          <line num="104" count="0" type="stmt"/>
          <line num="105" count="0" type="stmt"/>
          <line num="106" count="0" type="stmt"/>
          <line num="110" count="0" type="stmt"/>
          <line num="113" count="0" type="stmt"/>
          <line num="118" count="0" type="stmt"/>
          <line num="121" count="0" type="stmt"/>
          <line num="124" count="2" type="stmt"/>
        </file>
        <file name="PivotalTrackerStoryState.ts" path="/Users/bkostrowiecki/pivotal-auto-deliver/src/pivotalTracker/PivotalTrackerStoryState.ts">
          <metrics statements="10" coveredstatements="10" conditionals="2" coveredconditionals="2" methods="1" coveredmethods="1"/>
          <line num="2" count="2" type="stmt"/>
          <line num="4" count="2" type="stmt"/>
          <line num="5" count="2" type="stmt"/>
          <line num="6" count="2" type="stmt"/>
          <line num="7" count="2" type="stmt"/>
          <line num="8" count="2" type="stmt"/>
          <line num="9" count="2" type="stmt"/>
          <line num="10" count="2" type="stmt"/>
          <line num="11" count="2" type="stmt"/>
          <line num="12" count="2" type="stmt"/>
        </file>
      </package>
    </metrics>
  </project>
</coverage>
