TN:
SF:/Users/bkostrowiecki/pivotal-auto-deliver/src/App.ts
FN:2,(anonymous_0)
FN:3,(anonymous_1)
FN:4,fulfilled
FN:5,rejected
FN:6,step
FN:6,(anonymous_5)
FN:19,(anonymous_6)
FN:26,(anonymous_7)
FN:32,(anonymous_8)
FN:38,(anonymous_9)
FN:43,(anonymous_10)
FN:43,(anonymous_11)
FNF:12
FNH:3
FNDA:0,(anonymous_0)
FNDA:0,(anonymous_1)
FNDA:0,fulfilled
FNDA:0,rejected
FNDA:0,step
FNDA:0,(anonymous_5)
FNDA:1,(anonymous_6)
FNDA:1,(anonymous_7)
FNDA:1,(anonymous_8)
FNDA:0,(anonymous_9)
FNDA:0,(anonymous_10)
FNDA:0,(anonymous_11)
DA:2,1
DA:3,0
DA:4,0
DA:5,0
DA:6,0
DA:7,0
DA:10,1
DA:11,1
DA:12,1
DA:13,1
DA:14,1
DA:15,1
DA:20,1
DA:21,1
DA:22,1
DA:23,1
DA:27,1
DA:28,1
DA:29,1
DA:36,1
DA:38,1
DA:39,0
DA:43,1
DA:44,0
DA:45,0
DA:46,0
DA:47,0
DA:48,0
DA:49,0
DA:50,0
DA:51,0
DA:52,0
DA:59,0
DA:62,0
DA:69,1
DA:72,1
LF:36
LH:19
BRDA:2,0,0,1
BRDA:2,0,1,1
BRDA:2,0,2,1
BRDA:3,1,0,0
BRDA:3,1,1,0
BRDA:6,2,0,0
BRDA:6,2,1,0
BRDA:7,3,0,0
BRDA:7,3,1,0
BRF:9
BRH:3
end_of_record
TN:
SF:/Users/bkostrowiecki/pivotal-auto-deliver/src/Build.ts
FN:5,(anonymous_0)
FN:11,(anonymous_1)
FN:14,(anonymous_2)
FN:16,(anonymous_3)
FN:19,(anonymous_4)
FN:25,(anonymous_5)
FN:31,(anonymous_6)
FN:37,(anonymous_7)
FN:40,(anonymous_8)
FNF:9
FNH:8
FNDA:13,(anonymous_0)
FNDA:0,(anonymous_1)
FNDA:5,(anonymous_2)
FNDA:6,(anonymous_3)
FNDA:6,(anonymous_4)
FNDA:7,(anonymous_5)
FNDA:2,(anonymous_6)
FNDA:3,(anonymous_7)
FNDA:5,(anonymous_8)
DA:2,3
DA:3,3
DA:6,13
DA:7,13
DA:8,13
DA:9,13
DA:12,0
DA:15,5
DA:17,6
DA:20,6
DA:21,6
DA:23,5
DA:26,7
DA:27,4
DA:29,3
DA:32,2
DA:33,1
DA:35,1
DA:38,3
DA:41,5
DA:44,3
LF:21
LH:20
BRDA:5,0,0,13
BRDA:26,1,0,4
BRDA:26,1,1,3
BRDA:26,2,0,7
BRDA:26,2,1,4
BRDA:26,2,2,4
BRDA:32,3,0,1
BRDA:32,3,1,1
BRF:8
BRH:8
end_of_record
TN:
SF:/Users/bkostrowiecki/pivotal-auto-deliver/src/nevercode/Commit.ts
FN:4,(anonymous_0)
FN:8,(anonymous_1)
FN:17,(anonymous_2)
FNF:3
FNH:3
FNDA:15,(anonymous_0)
FNDA:25,(anonymous_1)
FNDA:31,(anonymous_2)
DA:2,4
DA:5,15
DA:6,15
DA:9,25
DA:10,25
DA:11,2
DA:13,23
DA:14,23
DA:15,1
DA:17,22
DA:18,31
DA:22,4
LF:12
LH:12
BRDA:10,0,0,2
BRDA:10,0,1,23
BRDA:14,1,0,1
BRDA:14,1,1,22
BRF:4
BRH:4
end_of_record
TN:
SF:/Users/bkostrowiecki/pivotal-auto-deliver/src/nevercode/NevercodeChange.ts
FN:4,(anonymous_0)
FNF:1
FNH:1
FNDA:9,(anonymous_0)
DA:2,3
DA:5,9
DA:6,9
DA:7,9
DA:8,9
DA:11,3
LF:6
LH:6
BRF:0
BRH:0
end_of_record
TN:
SF:/Users/bkostrowiecki/pivotal-auto-deliver/src/nevercode/NevercodeMock.ts
FN:4,(anonymous_0)
FNF:1
FNH:1
FNDA:8,(anonymous_0)
DA:2,3
DA:5,8
DA:14,3
LF:3
LH:3
BRF:0
BRH:0
end_of_record
TN:
SF:/Users/bkostrowiecki/pivotal-auto-deliver/src/pivotalTracker/PivotalTrackerMock.ts
FN:7,(anonymous_0)
FN:9,(anonymous_1)
FN:20,(anonymous_2)
FNF:3
FNH:3
FNDA:3,(anonymous_0)
FNDA:6,(anonymous_1)
FNDA:6,(anonymous_2)
DA:2,2
DA:3,2
DA:4,2
DA:5,2
DA:8,3
DA:9,3
DA:10,6
DA:21,6
DA:22,6
DA:25,2
LF:10
LH:10
BRF:0
BRH:0
end_of_record
TN:
SF:/Users/bkostrowiecki/pivotal-auto-deliver/src/pivotalTracker/PivotalTrackerService.ts
FN:2,(anonymous_0)
FN:3,(anonymous_1)
FN:4,fulfilled
FN:5,rejected
FN:6,step
FN:6,(anonymous_5)
FN:15,(anonymous_6)
FN:26,(anonymous_7)
FN:27,(anonymous_8)
FN:32,(anonymous_9)
FN:32,(anonymous_10)
FN:36,(anonymous_11)
FN:40,(anonymous_12)
FN:42,(anonymous_13)
FN:46,(anonymous_14)
FN:52,(anonymous_15)
FN:59,(anonymous_16)
FN:62,(anonymous_17)
FN:68,(anonymous_18)
FN:69,(anonymous_19)
FN:82,(anonymous_20)
FN:85,(anonymous_21)
FN:90,(anonymous_22)
FN:91,(anonymous_23)
FN:103,(anonymous_24)
FN:104,(anonymous_25)
FN:117,(anonymous_26)
FN:120,(anonymous_27)
FNF:28
FNH:5
FNDA:2,(anonymous_0)
FNDA:2,(anonymous_1)
FNDA:0,fulfilled
FNDA:0,rejected
FNDA:0,step
FNDA:0,(anonymous_5)
FNDA:3,(anonymous_6)
FNDA:2,(anonymous_7)
FNDA:2,(anonymous_8)
FNDA:0,(anonymous_9)
FNDA:0,(anonymous_10)
FNDA:0,(anonymous_11)
FNDA:0,(anonymous_12)
FNDA:0,(anonymous_13)
FNDA:0,(anonymous_14)
FNDA:0,(anonymous_15)
FNDA:0,(anonymous_16)
FNDA:0,(anonymous_17)
FNDA:0,(anonymous_18)
FNDA:0,(anonymous_19)
FNDA:0,(anonymous_20)
FNDA:0,(anonymous_21)
FNDA:0,(anonymous_22)
FNDA:0,(anonymous_23)
FNDA:0,(anonymous_24)
FNDA:0,(anonymous_25)
FNDA:0,(anonymous_26)
FNDA:0,(anonymous_27)
DA:2,2
DA:3,2
DA:4,0
DA:5,0
DA:6,0
DA:7,2
DA:10,2
DA:11,2
DA:12,2
DA:13,2
DA:16,3
DA:17,3
DA:18,3
DA:19,3
DA:23,3
DA:24,3
DA:27,2
DA:28,2
DA:29,2
DA:30,2
DA:31,0
DA:32,0
DA:33,0
DA:34,0
DA:35,0
DA:36,0
DA:37,0
DA:38,0
DA:40,0
DA:41,0
DA:42,0
DA:43,0
DA:44,0
DA:45,0
DA:46,0
DA:47,0
DA:48,0
DA:49,0
DA:50,0
DA:52,0
DA:53,0
DA:54,0
DA:57,0
DA:60,0
DA:63,0
DA:69,0
DA:70,0
DA:71,0
DA:72,0
DA:73,0
DA:74,0
DA:75,0
DA:78,0
DA:83,0
DA:86,0
DA:91,0
DA:92,0
DA:93,0
DA:94,0
DA:95,0
DA:96,0
DA:99,0
DA:104,0
DA:105,0
DA:106,0
DA:110,0
DA:113,0
DA:118,0
DA:121,0
DA:124,2
LF:70
LH:18
BRDA:2,0,0,2
BRDA:2,0,1,2
BRDA:2,0,2,2
BRDA:3,1,0,2
BRDA:3,1,1,2
BRDA:6,2,0,0
BRDA:6,2,1,0
BRDA:7,3,0,2
BRDA:7,3,1,2
BRDA:48,4,0,0
BRDA:48,4,1,0
BRDA:48,5,0,0
BRDA:48,5,1,0
BRF:13
BRH:7
end_of_record
TN:
SF:/Users/bkostrowiecki/pivotal-auto-deliver/src/pivotalTracker/PivotalTrackerStoryState.ts
FN:4,(anonymous_0)
FNF:1
FNH:1
FNDA:2,(anonymous_0)
DA:2,2
DA:4,2
DA:5,2
DA:6,2
DA:7,2
DA:8,2
DA:9,2
DA:10,2
DA:11,2
DA:12,2
LF:10
LH:10
BRDA:13,0,0,2
BRDA:13,0,1,2
BRF:2
BRH:2
end_of_record
